<?xml version="1.0" encoding="UTF-8"?>
<testsuite name="com.crisaltmann.poc.producer.KafkaProducerApplicationTests" tests="1" skipped="0" failures="0" errors="0" timestamp="2023-04-28T19:42:57" hostname="Cristianos-MacBook-Pro.local" time="0.572">
  <properties/>
  <testcase name="contextLoads()" classname="com.crisaltmann.poc.producer.KafkaProducerApplicationTests" time="0.572"/>
  <system-out><![CDATA[16:42:56.161 [Test worker] DEBUG org.springframework.boot.test.context.SpringBootTestContextBootstrapper -- Neither @ContextConfiguration nor @ContextHierarchy found for test class [KafkaProducerApplicationTests]: using SpringBootContextLoader
16:42:56.169 [Test worker] DEBUG org.springframework.test.context.support.AbstractContextLoader -- Could not detect default resource locations for test class [com.crisaltmann.poc.producer.KafkaProducerApplicationTests]: no resource found for suffixes {-context.xml, Context.groovy}.
16:42:56.171 [Test worker] INFO org.springframework.test.context.support.AnnotationConfigContextLoaderUtils -- Could not detect default configuration classes for test class [com.crisaltmann.poc.producer.KafkaProducerApplicationTests]: KafkaProducerApplicationTests does not declare any static, non-private, non-final, nested classes annotated with @Configuration.
16:42:56.202 [Test worker] DEBUG org.springframework.boot.test.context.SpringBootTestContextBootstrapper -- Using ContextCustomizers for test class [KafkaProducerApplicationTests]: [DisableObservabilityContextCustomizer, PropertyMappingContextCustomizer, Customizer, ExcludeFilterContextCustomizer, DuplicateJsonObjectContextCustomizer, MockitoContextCustomizer, TestRestTemplateContextCustomizer]
16:42:56.303 [Test worker] DEBUG org.springframework.context.annotation.ClassPathScanningCandidateComponentProvider -- Identified candidate component class: file [/Users/cristianoaltmann/Projects/poc/kafka-producer/build/classes/java/main/com/crisaltmann/poc/producer/KafkaProducerApplication.class]
16:42:56.305 [Test worker] INFO org.springframework.boot.test.context.SpringBootTestContextBootstrapper -- Found @SpringBootConfiguration com.crisaltmann.poc.producer.KafkaProducerApplication for test class com.crisaltmann.poc.producer.KafkaProducerApplicationTests
16:42:56.407 [Test worker] DEBUG org.springframework.test.context.util.TestContextSpringFactoriesUtils -- Skipping candidate TestExecutionListener [org.springframework.test.context.web.ServletTestExecutionListener] due to a missing dependency. Specify custom TestExecutionListener classes or make the default TestExecutionListener classes and their required dependencies available. Offending class: [jakarta/servlet/ServletContext]
16:42:56.421 [Test worker] DEBUG org.springframework.boot.test.context.SpringBootTestContextBootstrapper -- Using TestExecutionListeners for test class [KafkaProducerApplicationTests]: [DirtiesContextBeforeModesTestExecutionListener, ApplicationEventsTestExecutionListener, MockitoTestExecutionListener, DependencyInjectionTestExecutionListener, DirtiesContextTestExecutionListener, TransactionalTestExecutionListener, SqlScriptsTestExecutionListener, EventPublishingTestExecutionListener, RestDocsTestExecutionListener, MockRestServiceServerResetTestExecutionListener, MockMvcPrintOnlyOnFailureTestExecutionListener, WebDriverTestExecutionListener, MockWebServiceServerTestExecutionListener, ResetMocksTestExecutionListener]
16:42:56.423 [Test worker] DEBUG org.springframework.test.context.support.AbstractDirtiesContextTestExecutionListener -- Before test class: class [KafkaProducerApplicationTests], class annotated with @DirtiesContext [false] with mode [null]
16:42:56.440 [Test worker] DEBUG org.springframework.test.context.support.DependencyInjectionTestExecutionListener -- Performing dependency injection for test class com.crisaltmann.poc.producer.KafkaProducerApplicationTests

  .   ____          _            __ _ _
 /\\ / ___'_ __ _ _(_)_ __  __ _ \ \ \ \
( ( )\___ | '_ | '_| | '_ \/ _` | \ \ \ \
 \\/  ___)| |_)| | | | | || (_| |  ) ) ) )
  '  |____| .__|_| |_|_| |_\__, | / / / /
 =========|_|==============|___/=/_/_/_/
 :: Spring Boot ::                (v3.0.6)

2023-04-28T16:42:56.743-03:00  INFO 45475 --- [    Test worker] c.c.p.p.KafkaProducerApplicationTests    : Starting KafkaProducerApplicationTests using Java 17.0.6 with PID 45475 (started by cristianoaltmann in /Users/cristianoaltmann/Projects/poc/kafka-producer)
2023-04-28T16:42:56.746-03:00  INFO 45475 --- [    Test worker] c.c.p.p.KafkaProducerApplicationTests    : No active profile set, falling back to 1 default profile: "default"
2023-04-28T16:42:57.816-03:00  INFO 45475 --- [    Test worker] c.c.p.p.KafkaProducerApplicationTests    : Started KafkaProducerApplicationTests in 1.327 seconds (process running for 2.966)
]]></system-out>
  <system-err><![CDATA[]]></system-err>
</testsuite>
